Using pre-set license
Built from '2020.2/release' branch; Version is '2020.2.1f1 (270dd8c3da1c) revision 2559448'; Using compiler version '192528614'; Build Type 'Release'
OS: 'Windows 10  (10.0.0) 64bit' Language: 'pt' Physical Memory: 16331 MB
BatchMode: 1, IsHumanControllingUs: 0, StartBugReporterOnCrash: 0, Is64bit: 1, IsPro: 0

 COMMAND LINE ARGUMENTS:
G:\Unity Editors\2020.2.1f1\Editor\Unity.exe
-adb2
-batchMode
-noUpm
-name
AssetImportWorker0
-projectPath
J:/GAMETEST/Nautlius/Nautilus/Nautilus
-logFile
Logs/AssetImportWorker0.log
-srvPort
61501
Successfully changed project path to: J:/GAMETEST/Nautlius/Nautilus/Nautilus
J:/GAMETEST/Nautlius/Nautilus/Nautilus
Using Asset Import Pipeline V2.
Refreshing native plugins compatible for Editor in 38.75 ms, found 0 plugins.
Preloading 0 native plugins for Editor in 0.00 ms.
Initialize engine version: 2020.2.1f1 (270dd8c3da1c)
[Subsystems] Discovering subsystems at path G:/Unity Editors/2020.2.1f1/Editor/Data/Resources/UnitySubsystems
[Subsystems] Discovering subsystems at path J:/GAMETEST/Nautlius/Nautilus/Nautilus/Assets
GfxDevice: creating device client; threaded=0
Direct3D:
    Version:  Direct3D 11.0 [level 11.1]
    Renderer: Radeon RX550/550 Series (ID=0x67ff)
    Vendor:   
    VRAM:     4075 MB
    Driver:   27.20.22001.14011
Shader 'Universal Render Pipeline/Particles/Lit': fallback shader 'Universal Render Pipeline/Particles/SimpleLit' not found
Initialize mono
Mono path[0] = 'G:/Unity Editors/2020.2.1f1/Editor/Data/Managed'
Mono path[1] = 'G:/Unity Editors/2020.2.1f1/Editor/Data/MonoBleedingEdge/lib/mono/unityjit'
Mono config path = 'G:/Unity Editors/2020.2.1f1/Editor/Data/MonoBleedingEdge/etc'
Using monoOptions --debugger-agent=transport=dt_socket,embedding=1,server=y,suspend=n,address=127.0.0.1:56524
Begin MonoManager ReloadAssembly
Registering precompiled unity dll's ...
Register platform support module: G:/Unity Editors/2020.2.1f1/Editor/Data/PlaybackEngines/WebGLSupport/UnityEditor.WebGL.Extensions.dll
Register platform support module: G:/Unity Editors/2020.2.1f1/Editor/Data/PlaybackEngines/WindowsStandaloneSupport/UnityEditor.WindowsStandalone.Extensions.dll
Registered in 0.000944 seconds.
Native extension for WindowsStandalone target not found
Native extension for WebGL target not found
Refreshing native plugins compatible for Editor in 38.85 ms, found 0 plugins.
Preloading 0 native plugins for Editor in 0.00 ms.
Invoked RoslynAnalysisRunner static constructor.
RoslynAnalysisRunner will not be running.
RoslynAnalysisRunner has terminated.
Mono: successfully reloaded assembly
- Completed reload, in  0.737 seconds
Platform modules already initialized, skipping
Registering precompiled user dll's ...
Registered in 0.000994 seconds.
Begin MonoManager ReloadAssembly
Native extension for WindowsStandalone target not found
Native extension for WebGL target not found
Refreshing native plugins compatible for Editor in 39.46 ms, found 0 plugins.
Preloading 0 native plugins for Editor in 0.00 ms.
Invoked RoslynAnalysisRunner static constructor.
RoslynAnalysisRunner will not be running.
RoslynAnalysisRunner has terminated.
Mono: successfully reloaded assembly
- Completed reload, in  0.738 seconds
Platform modules already initialized, skipping
========================================================================
Worker process is ready to serve import requests
Shader 'Universal Render Pipeline/Particles/Lit': fallback shader 'Universal Render Pipeline/Particles/SimpleLit' not found
Launched and connected shader compiler UnityShaderCompiler.exe after 0.03 seconds
Refreshing native plugins compatible for Editor in 0.46 ms, found 0 plugins.
Preloading 0 native plugins for Editor in 0.00 ms.
Unloading 2629 Unused Serialized files (Serialized files now loaded: 0)
System memory in use before: 120.7 MB.
System memory in use after: 120.9 MB.

Unloading 10 unused Assets to reduce memory usage. Loaded Objects now: 3071.
Total: 2.337700 ms (FindLiveObjects: 0.288700 ms CreateObjectMapping: 0.066800 ms MarkObjects: 1.958200 ms  DeleteObjects: 0.023000 ms)

========================================================================
Received Import Request.
  path: Assets/Images/on.png
  artifactKey: Guid(01c85e87f1a85d948b75e1231a4676c4) Importer(815301076,1909f56bfc062723c751e8b465ee728b)
Start importing Assets/Images/on.png using Guid(01c85e87f1a85d948b75e1231a4676c4) Importer(815301076,1909f56bfc062723c751e8b465ee728b)  -> (artifact id: '895a6b224977c73dc87c659e35ddec57') in 0.097539 seconds
  Import took 0.101368 seconds .

========================================================================
Received Import Request.
  Time since last request: 0.000167 seconds.
  path: Assets/Images/44-449620_px-green-light-icon-free-images-at-clker-com-vector-green-light.png
  artifactKey: Guid(02bd847be818ac8409982b6e1c6164d6) Importer(815301076,1909f56bfc062723c751e8b465ee728b)
Start importing Assets/Images/44-449620_px-green-light-icon-free-images-at-clker-com-vector-green-light.png using Guid(02bd847be818ac8409982b6e1c6164d6) Importer(815301076,1909f56bfc062723c751e8b465ee728b)  -> (artifact id: '9ce2e223cc05ad8e024fe9949d0f4fac') in 0.012966 seconds
  Import took 0.016943 seconds .

========================================================================
Received Import Request.
  Time since last request: 0.000166 seconds.
  path: Assets/Images/unnamed.png
  artifactKey: Guid(8c6c47123202247498d088176dcf45d2) Importer(815301076,1909f56bfc062723c751e8b465ee728b)
Start importing Assets/Images/unnamed.png using Guid(8c6c47123202247498d088176dcf45d2) Importer(815301076,1909f56bfc062723c751e8b465ee728b)  -> (artifact id: '18eaab0090206c47f3bc2060f8a410fe') in 0.011391 seconds
  Import took 0.014808 seconds .

========================================================================
Received Import Request.
  Time since last request: 0.000170 seconds.
  path: Assets/Images/mas teste .png
  artifactKey: Guid(4d57000e980e776468ecd805acaf2a5b) Importer(815301076,1909f56bfc062723c751e8b465ee728b)
Start importing Assets/Images/mas teste .png using Guid(4d57000e980e776468ecd805acaf2a5b) Importer(815301076,1909f56bfc062723c751e8b465ee728b)  -> (artifact id: 'de9fe1d85a8f27f7997289c6118d1b38') in 0.008369 seconds
  Import took 0.012231 seconds .

========================================================================
Received Import Request.
  Time since last request: 0.000178 seconds.
  path: Assets/Images/1200px-Red_Light_Icon.svg.png
  artifactKey: Guid(0534c7bec1b1a8c4faa3ea1a2e6d5b86) Importer(815301076,1909f56bfc062723c751e8b465ee728b)
Start importing Assets/Images/1200px-Red_Light_Icon.svg.png using Guid(0534c7bec1b1a8c4faa3ea1a2e6d5b86) Importer(815301076,1909f56bfc062723c751e8b465ee728b)  -> (artifact id: 'dce6c25d40e0b46e893fb78ad29d720e') in 0.011922 seconds
  Import took 0.015428 seconds .

========================================================================
Received Import Request.
  Time since last request: 0.000217 seconds.
  path: Assets/Images/mas teste .png
  artifactKey: Guid(4d57000e980e776468ecd805acaf2a5b) Importer(815301076,1909f56bfc062723c751e8b465ee728b)
Start importing Assets/Images/mas teste .png using Guid(4d57000e980e776468ecd805acaf2a5b) Importer(815301076,1909f56bfc062723c751e8b465ee728b)  -> (artifact id: 'de9fe1d85a8f27f7997289c6118d1b38') in 0.004979 seconds
  Import took 0.008434 seconds .

========================================================================
Received Import Request.
  Time since last request: 0.000163 seconds.
  path: Assets/Images/Imagem1.png
  artifactKey: Guid(20ee2841a4f519c4ab0158abd5c4b371) Importer(815301076,1909f56bfc062723c751e8b465ee728b)
Start importing Assets/Images/Imagem1.png using Guid(20ee2841a4f519c4ab0158abd5c4b371) Importer(815301076,1909f56bfc062723c751e8b465ee728b)  -> (artifact id: '77fb4d85e5e098645961034af30ea488') in 0.011876 seconds
  Import took 0.015160 seconds .

========================================================================
Received Import Request.
  Time since last request: 0.000175 seconds.
  path: Assets/Images/off.png
  artifactKey: Guid(93c398fb0539a79468706d983830bb44) Importer(815301076,1909f56bfc062723c751e8b465ee728b)
Start importing Assets/Images/off.png using Guid(93c398fb0539a79468706d983830bb44) Importer(815301076,1909f56bfc062723c751e8b465ee728b)  -> (artifact id: 'da44e1d51045f22c4d2d2c7ede456fd4') in 0.010647 seconds
  Import took 0.014492 seconds .

========================================================================
Received Import Request.
  Time since last request: 0.000192 seconds.
  path: Assets/Images/clipart421009.png
  artifactKey: Guid(d4ea1cccdc297c349b9d48298078fcf4) Importer(815301076,1909f56bfc062723c751e8b465ee728b)
Start importing Assets/Images/clipart421009.png using Guid(d4ea1cccdc297c349b9d48298078fcf4) Importer(815301076,1909f56bfc062723c751e8b465ee728b)  -> (artifact id: '3d7735590b57c96358b77b7a8823d39f') in 0.014711 seconds
  Import took 0.018578 seconds .

========================================================================
Received Import Request.
  Time since last request: 11.064288 seconds.
  path: Assets/Images/mas teste .png
  artifactKey: Guid(4d57000e980e776468ecd805acaf2a5b) Importer(815301076,1909f56bfc062723c751e8b465ee728b)
Start importing Assets/Images/mas teste .png using Guid(4d57000e980e776468ecd805acaf2a5b) Importer(815301076,1909f56bfc062723c751e8b465ee728b)  -> (artifact id: 'c09692b82434994acbaabf43153e0a3a') in 0.037189 seconds
  Import took 0.041001 seconds .

========================================================================
Received Import Request.
  Time since last request: 59.516373 seconds.
  path: Assets/Images/mas teste .png
  artifactKey: Guid(4d57000e980e776468ecd805acaf2a5b) Importer(815301076,1909f56bfc062723c751e8b465ee728b)
Start importing Assets/Images/mas teste .png using Guid(4d57000e980e776468ecd805acaf2a5b) Importer(815301076,1909f56bfc062723c751e8b465ee728b)  -> (artifact id: 'de8980a4b4bb7d0f4cd290f531d022f8') in 0.208186 seconds
  Import took 0.212116 seconds .

========================================================================
Received Import Request.
  Time since last request: 15.098939 seconds.
  path: Assets/Images/mas teste .png
  artifactKey: Guid(4d57000e980e776468ecd805acaf2a5b) Importer(815301076,1909f56bfc062723c751e8b465ee728b)
Start importing Assets/Images/mas teste .png using Guid(4d57000e980e776468ecd805acaf2a5b) Importer(815301076,1909f56bfc062723c751e8b465ee728b)  -> (artifact id: 'afbf2a7afe6c9c3c21affb3ee63a602e') in 0.063406 seconds
  Import took 0.067213 seconds .

========================================================================
Received Prepare
Registering precompiled user dll's ...
Registered in 0.001289 seconds.
Begin MonoManager ReloadAssembly
Native extension for WindowsStandalone target not found
Native extension for WebGL target not found
Refreshing native plugins compatible for Editor in 0.49 ms, found 0 plugins.
Preloading 0 native plugins for Editor in 0.00 ms.
Invoked RoslynAnalysisRunner static constructor.
RoslynAnalysisRunner will not be running.
RoslynAnalysisRunner has terminated.
Mono: successfully reloaded assembly
- Completed reload, in  0.717 seconds
Platform modules already initialized, skipping
Shader 'Universal Render Pipeline/Particles/Lit': fallback shader 'Universal Render Pipeline/Particles/SimpleLit' not found
Refreshing native plugins compatible for Editor in 0.51 ms, found 0 plugins.
Preloading 0 native plugins for Editor in 0.00 ms.
Unloading 2504 Unused Serialized files (Serialized files now loaded: 0)
System memory in use before: 117.1 MB.
System memory in use after: 117.4 MB.

Unloading 6 unused Assets to reduce memory usage. Loaded Objects now: 3087.
Total: 2.040900 ms (FindLiveObjects: 0.319800 ms CreateObjectMapping: 0.061800 ms MarkObjects: 1.640900 ms  DeleteObjects: 0.017500 ms)

========================================================================
Received Import Request.
  Time since last request: 236.979146 seconds.
  path: Assets/Images/nautilus.png
  artifactKey: Guid(04401a0eac6f2ad4480ca26e5ec1cfb8) Importer(815301076,1909f56bfc062723c751e8b465ee728b)
Start importing Assets/Images/nautilus.png using Guid(04401a0eac6f2ad4480ca26e5ec1cfb8) Importer(815301076,1909f56bfc062723c751e8b465ee728b)  -> (artifact id: '36f324c907226efa06b6b7e47c1ba97d') in 0.034064 seconds
  Import took 0.047587 seconds .

========================================================================
Received Import Request.
  Time since last request: 6.511518 seconds.
  path: Assets/Images/nautilus.png
  artifactKey: Guid(04401a0eac6f2ad4480ca26e5ec1cfb8) Importer(815301076,1909f56bfc062723c751e8b465ee728b)
Start importing Assets/Images/nautilus.png using Guid(04401a0eac6f2ad4480ca26e5ec1cfb8) Importer(815301076,1909f56bfc062723c751e8b465ee728b)  -> (artifact id: '2c9a57da18ceb08c970acd3e29d41b6b') in 0.030217 seconds
  Import took 0.034099 seconds .

========================================================================
Received Import Request.
  Time since last request: 40.287908 seconds.
  path: Assets/Images/nautilus.png
  artifactKey: Guid(04401a0eac6f2ad4480ca26e5ec1cfb8) Importer(815301076,1909f56bfc062723c751e8b465ee728b)
Start importing Assets/Images/nautilus.png using Guid(04401a0eac6f2ad4480ca26e5ec1cfb8) Importer(815301076,1909f56bfc062723c751e8b465ee728b)  -> (artifact id: 'ed46022bf74e096756adb1e544157d63') in 0.012056 seconds
  Import took 0.015905 seconds .

========================================================================
Received Import Request.
  Time since last request: 35.886409 seconds.
  path: Assets/Images/nautilus.png
  artifactKey: Guid(04401a0eac6f2ad4480ca26e5ec1cfb8) Importer(815301076,1909f56bfc062723c751e8b465ee728b)
Start importing Assets/Images/nautilus.png using Guid(04401a0eac6f2ad4480ca26e5ec1cfb8) Importer(815301076,1909f56bfc062723c751e8b465ee728b)  -> (artifact id: '7f4b067f216e406ee40044cd933f00cd') in 0.012813 seconds
  Import took 0.016923 seconds .

========================================================================
Received Import Request.
  Time since last request: 6.685431 seconds.
  path: Assets/Images/nautilus.png
  artifactKey: Guid(04401a0eac6f2ad4480ca26e5ec1cfb8) Importer(815301076,1909f56bfc062723c751e8b465ee728b)
Start importing Assets/Images/nautilus.png using Guid(04401a0eac6f2ad4480ca26e5ec1cfb8) Importer(815301076,1909f56bfc062723c751e8b465ee728b)  -> (artifact id: '7acb85830fd5d992773268f28e1f1690') in 0.014048 seconds
  Import took 0.018014 seconds .

========================================================================
Received Import Request.
  Time since last request: 15.449188 seconds.
  path: Assets/Images/nautilus.png
  artifactKey: Guid(04401a0eac6f2ad4480ca26e5ec1cfb8) Importer(815301076,1909f56bfc062723c751e8b465ee728b)
Start importing Assets/Images/nautilus.png using Guid(04401a0eac6f2ad4480ca26e5ec1cfb8) Importer(815301076,1909f56bfc062723c751e8b465ee728b)  -> (artifact id: '2f45b0954fbbc313feeb5a066ceeebfc') in 0.016177 seconds
  Import took 0.020157 seconds .

========================================================================
Received Import Request.
  Time since last request: 7.447756 seconds.
  path: Assets/Images/nautilus.png
  artifactKey: Guid(04401a0eac6f2ad4480ca26e5ec1cfb8) Importer(815301076,1909f56bfc062723c751e8b465ee728b)
Start importing Assets/Images/nautilus.png using Guid(04401a0eac6f2ad4480ca26e5ec1cfb8) Importer(815301076,1909f56bfc062723c751e8b465ee728b)  -> (artifact id: '07e024826a52a9d8f5b9f30da67d44db') in 0.014014 seconds
  Import took 0.018521 seconds .

========================================================================
Received Import Request.
  Time since last request: 59.674784 seconds.
  path: Assets/Images/nautilus.png
  artifactKey: Guid(04401a0eac6f2ad4480ca26e5ec1cfb8) Importer(815301076,1909f56bfc062723c751e8b465ee728b)
Start importing Assets/Images/nautilus.png using Guid(04401a0eac6f2ad4480ca26e5ec1cfb8) Importer(815301076,1909f56bfc062723c751e8b465ee728b)  -> (artifact id: '90e9d9f075a3fbc25f589c4ed0db2a05') in 0.274227 seconds
  Import took 0.278383 seconds .

========================================================================
Received Import Request.
  Time since last request: 25.383061 seconds.
  path: Assets/Images/nautilus.png
  artifactKey: Guid(04401a0eac6f2ad4480ca26e5ec1cfb8) Importer(815301076,1909f56bfc062723c751e8b465ee728b)
Start importing Assets/Images/nautilus.png using Guid(04401a0eac6f2ad4480ca26e5ec1cfb8) Importer(815301076,1909f56bfc062723c751e8b465ee728b)  -> (artifact id: '0751752fa41ad261f5c9b168307989c7') in 0.016989 seconds
  Import took 0.020910 seconds .

========================================================================
Received Prepare
Registering precompiled user dll's ...
Registered in 0.001118 seconds.
Begin MonoManager ReloadAssembly
Native extension for WindowsStandalone target not found
Native extension for WebGL target not found
Refreshing native plugins compatible for Editor in 0.47 ms, found 0 plugins.
Preloading 0 native plugins for Editor in 0.00 ms.
Invoked RoslynAnalysisRunner static constructor.
RoslynAnalysisRunner will not be running.
RoslynAnalysisRunner has terminated.
Mono: successfully reloaded assembly
- Completed reload, in  0.672 seconds
Platform modules already initialized, skipping
Shader 'Universal Render Pipeline/Particles/Lit': fallback shader 'Universal Render Pipeline/Particles/SimpleLit' not found
Refreshing native plugins compatible for Editor in 0.46 ms, found 0 plugins.
Preloading 0 native plugins for Editor in 0.00 ms.
Unloading 2504 Unused Serialized files (Serialized files now loaded: 0)
System memory in use before: 117.9 MB.
System memory in use after: 118.2 MB.

Unloading 6 unused Assets to reduce memory usage. Loaded Objects now: 3090.
Total: 2.112500 ms (FindLiveObjects: 0.278400 ms CreateObjectMapping: 0.070600 ms MarkObjects: 1.747800 ms  DeleteObjects: 0.014900 ms)

========================================================================
Received Import Request.
  Time since last request: 335.439024 seconds.
  path: Assets/Images
  artifactKey: Guid(1d3c2203c93252a40943952a8c587528) Importer(815301076,1909f56bfc062723c751e8b465ee728b)
Start importing Assets/Images using Guid(1d3c2203c93252a40943952a8c587528) Importer(815301076,1909f56bfc062723c751e8b465ee728b)  -> (artifact id: '1ef8f441ac7d48dd6b82e15c83163fbf') in 0.008539 seconds
  Import took 0.012453 seconds .

========================================================================
Received Import Request.
  Time since last request: 15.802839 seconds.
  path: Assets/Images/nautilus 1.png
  artifactKey: Guid(54c4afeef2cf1714cac56f764b80ebc0) Importer(815301076,1909f56bfc062723c751e8b465ee728b)
Start importing Assets/Images/nautilus 1.png using Guid(54c4afeef2cf1714cac56f764b80ebc0) Importer(815301076,1909f56bfc062723c751e8b465ee728b)  -> (artifact id: 'fd3f2116c00ff0f27b8ea230205f28bb') in 0.029495 seconds
  Import took 0.033396 seconds .

========================================================================
Received Import Request.
  Time since last request: 0.000199 seconds.
  path: Assets/Images/nautilus3.png
  artifactKey: Guid(ec4701bf4fa76fc4aac6b6397498cff3) Importer(815301076,1909f56bfc062723c751e8b465ee728b)
Start importing Assets/Images/nautilus3.png using Guid(ec4701bf4fa76fc4aac6b6397498cff3) Importer(815301076,1909f56bfc062723c751e8b465ee728b)  -> (artifact id: '42426dc9b3fd79dc98f2d3f5c36740ea') in 0.029899 seconds
  Import took 0.033064 seconds .

========================================================================
Received Import Request.
  Time since last request: 0.000192 seconds.
  path: Assets/Images/nautilus8.png
  artifactKey: Guid(9e2fd268ba6c58449b3fccb07cbba874) Importer(815301076,1909f56bfc062723c751e8b465ee728b)
Start importing Assets/Images/nautilus8.png using Guid(9e2fd268ba6c58449b3fccb07cbba874) Importer(815301076,1909f56bfc062723c751e8b465ee728b)  -> (artifact id: '40e0e335c517d023ae522feaa31cad67') in 0.010008 seconds
  Import took 0.013592 seconds .

========================================================================
Received Import Request.
  Time since last request: 0.000224 seconds.
  path: Assets/Images/nautilus4.png
  artifactKey: Guid(0ce4a74cf5af47443bc5962e47e1d28d) Importer(815301076,1909f56bfc062723c751e8b465ee728b)
Start importing Assets/Images/nautilus4.png using Guid(0ce4a74cf5af47443bc5962e47e1d28d) Importer(815301076,1909f56bfc062723c751e8b465ee728b)  -> (artifact id: '3a4eeab69a50ea0114df8c197ac7c4e9') in 0.009850 seconds
  Import took 0.013611 seconds .

========================================================================
Received Import Request.
  Time since last request: 0.000155 seconds.
  path: Assets/Images/nautilus9.png
  artifactKey: Guid(ce633bd40a15f9740bebb936b821b2bc) Importer(815301076,1909f56bfc062723c751e8b465ee728b)
Start importing Assets/Images/nautilus9.png using Guid(ce633bd40a15f9740bebb936b821b2bc) Importer(815301076,1909f56bfc062723c751e8b465ee728b)  -> (artifact id: '5de1eb2467b96707b50ab65a9b60ae91') in 0.010283 seconds
  Import took 0.013933 seconds .

========================================================================
Received Import Request.
  Time since last request: 0.000177 seconds.
  path: Assets/Images/nautilus5.png
  artifactKey: Guid(0857238990b1ec440b34a1157d86cbad) Importer(815301076,1909f56bfc062723c751e8b465ee728b)
Start importing Assets/Images/nautilus5.png using Guid(0857238990b1ec440b34a1157d86cbad) Importer(815301076,1909f56bfc062723c751e8b465ee728b)  -> (artifact id: '05af5863e7ca0c223e15f0ed15dc54a5') in 0.010134 seconds
  Import took 0.013529 seconds .

========================================================================
Received Import Request.
  Time since last request: 0.000166 seconds.
  path: Assets/Images/nautilus1.png
  artifactKey: Guid(8c79cfbf2e004984698f2079792e2d34) Importer(815301076,1909f56bfc062723c751e8b465ee728b)
Start importing Assets/Images/nautilus1.png using Guid(8c79cfbf2e004984698f2079792e2d34) Importer(815301076,1909f56bfc062723c751e8b465ee728b)  -> (artifact id: 'ab6b460ee913b2f522b603bf17a47a3c') in 0.010434 seconds
  Import took 0.013704 seconds .

========================================================================
Received Import Request.
  Time since last request: 0.000161 seconds.
  path: Assets/Images/nautilus11.png
  artifactKey: Guid(fd8c9362937a8a849ba400c0f0abf17a) Importer(815301076,1909f56bfc062723c751e8b465ee728b)
Start importing Assets/Images/nautilus11.png using Guid(fd8c9362937a8a849ba400c0f0abf17a) Importer(815301076,1909f56bfc062723c751e8b465ee728b)  -> (artifact id: 'a63a08cd9703660ee8c507e2d5b9da95') in 0.010380 seconds
  Import took 0.013679 seconds .

========================================================================
Received Import Request.
  Time since last request: 0.000176 seconds.
  path: Assets/Images/nautilus6.png
  artifactKey: Guid(b67433fcc1172e64791bfc14ae5882e2) Importer(815301076,1909f56bfc062723c751e8b465ee728b)
Start importing Assets/Images/nautilus6.png using Guid(b67433fcc1172e64791bfc14ae5882e2) Importer(815301076,1909f56bfc062723c751e8b465ee728b)  -> (artifact id: '00968d731655161c5f9e72540ad6529a') in 0.010125 seconds
  Import took 0.013368 seconds .

========================================================================
Received Import Request.
  Time since last request: 0.000156 seconds.
  path: Assets/Images/nautilus2.png
  artifactKey: Guid(a5172dfbdab602b468fe017cc312b4af) Importer(815301076,1909f56bfc062723c751e8b465ee728b)
Start importing Assets/Images/nautilus2.png using Guid(a5172dfbdab602b468fe017cc312b4af) Importer(815301076,1909f56bfc062723c751e8b465ee728b)  -> (artifact id: '3dae514977f00129150af23ee8d13428') in 0.009808 seconds
  Import took 0.013046 seconds .

========================================================================
Received Import Request.
  Time since last request: 0.000212 seconds.
  path: Assets/Images/nautilus12.png
  artifactKey: Guid(aecc0ff9dc6a2a54c8ed39a9458ad984) Importer(815301076,1909f56bfc062723c751e8b465ee728b)
Start importing Assets/Images/nautilus12.png using Guid(aecc0ff9dc6a2a54c8ed39a9458ad984) Importer(815301076,1909f56bfc062723c751e8b465ee728b)  -> (artifact id: '984c73c4c3096c7f481299d908669566') in 0.010473 seconds
  Import took 0.026370 seconds .

========================================================================
Received Import Request.
  Time since last request: 0.000174 seconds.
  path: Assets/Images/nautilus10.png
  artifactKey: Guid(f90588be48fc33141a3e153ff202a29e) Importer(815301076,1909f56bfc062723c751e8b465ee728b)
Start importing Assets/Images/nautilus10.png using Guid(f90588be48fc33141a3e153ff202a29e) Importer(815301076,1909f56bfc062723c751e8b465ee728b)  -> (artifact id: '4709df34c8ae97d36e43a663833db71c') in 0.010230 seconds
  Import took 0.013619 seconds .

========================================================================
Received Import Request.
  Time since last request: 0.000151 seconds.
  path: Assets/Images/nautilus7.png
  artifactKey: Guid(6d3a63089f426e54187b994da9daaada) Importer(815301076,1909f56bfc062723c751e8b465ee728b)
Start importing Assets/Images/nautilus7.png using Guid(6d3a63089f426e54187b994da9daaada) Importer(815301076,1909f56bfc062723c751e8b465ee728b)  -> (artifact id: 'f05ddc829fe16812568ac1ce2cf94d0d') in 0.010742 seconds
  Import took 0.014065 seconds .

========================================================================
Received Import Request.
  Time since last request: 32.666141 seconds.
  path: Assets/Images/nautilus8.png
  artifactKey: Guid(9e2fd268ba6c58449b3fccb07cbba874) Importer(815301076,1909f56bfc062723c751e8b465ee728b)
Start importing Assets/Images/nautilus8.png using Guid(9e2fd268ba6c58449b3fccb07cbba874) Importer(815301076,1909f56bfc062723c751e8b465ee728b)  -> (artifact id: 'e534e3e094898c2894731881125ccd04') in 0.025231 seconds
  Import took 0.029075 seconds .

========================================================================
Received Import Request.
  Time since last request: 0.000197 seconds.
  path: Assets/Images/nautilus9.png
  artifactKey: Guid(ce633bd40a15f9740bebb936b821b2bc) Importer(815301076,1909f56bfc062723c751e8b465ee728b)
Start importing Assets/Images/nautilus9.png using Guid(ce633bd40a15f9740bebb936b821b2bc) Importer(815301076,1909f56bfc062723c751e8b465ee728b)  -> (artifact id: '16bf66470f063c09f9210e1171d251c6') in 0.012429 seconds
  Import took 0.016078 seconds .

========================================================================
Received Import Request.
  Time since last request: 0.000209 seconds.
  path: Assets/Images/nautilus11.png
  artifactKey: Guid(fd8c9362937a8a849ba400c0f0abf17a) Importer(815301076,1909f56bfc062723c751e8b465ee728b)
Start importing Assets/Images/nautilus11.png using Guid(fd8c9362937a8a849ba400c0f0abf17a) Importer(815301076,1909f56bfc062723c751e8b465ee728b)  -> (artifact id: '8fe1636922e72b377d26ec4a868480e6') in 0.011328 seconds
  Import took 0.015103 seconds .

========================================================================
Received Import Request.
  Time since last request: 0.000156 seconds.
  path: Assets/Images/nautilus12.png
  artifactKey: Guid(aecc0ff9dc6a2a54c8ed39a9458ad984) Importer(815301076,1909f56bfc062723c751e8b465ee728b)
Start importing Assets/Images/nautilus12.png using Guid(aecc0ff9dc6a2a54c8ed39a9458ad984) Importer(815301076,1909f56bfc062723c751e8b465ee728b)  -> (artifact id: '7fbcd878472a006900af8780093c596d') in 0.011019 seconds
  Import took 0.014323 seconds .

========================================================================
Received Import Request.
  Time since last request: 0.000148 seconds.
  path: Assets/Images/nautilus10.png
  artifactKey: Guid(f90588be48fc33141a3e153ff202a29e) Importer(815301076,1909f56bfc062723c751e8b465ee728b)
Start importing Assets/Images/nautilus10.png using Guid(f90588be48fc33141a3e153ff202a29e) Importer(815301076,1909f56bfc062723c751e8b465ee728b)  -> (artifact id: 'edc1c2dd4fd5f615c3e0af97720b7a43') in 0.013263 seconds
  Import took 0.016839 seconds .

========================================================================
Received Import Request.
  Time since last request: 24.748980 seconds.
  path: Assets/Images/nautilus1.png
  artifactKey: Guid(8c79cfbf2e004984698f2079792e2d34) Importer(815301076,1909f56bfc062723c751e8b465ee728b)
Start importing Assets/Images/nautilus1.png using Guid(8c79cfbf2e004984698f2079792e2d34) Importer(815301076,1909f56bfc062723c751e8b465ee728b)  -> (artifact id: '2f29a50a04c4eb9cca25a8a798bb3b24') in 0.012187 seconds
  Import took 0.016100 seconds .

========================================================================
Received Import Request.
  Time since last request: 0.000152 seconds.
  path: Assets/Images/nautilus3.png
  artifactKey: Guid(ec4701bf4fa76fc4aac6b6397498cff3) Importer(815301076,1909f56bfc062723c751e8b465ee728b)
Start importing Assets/Images/nautilus3.png using Guid(ec4701bf4fa76fc4aac6b6397498cff3) Importer(815301076,1909f56bfc062723c751e8b465ee728b)  -> (artifact id: '4180e77d361d2330cf968e60cf043cd3') in 0.013426 seconds
  Import took 0.016771 seconds .

========================================================================
Received Import Request.
  Time since last request: 0.000190 seconds.
  path: Assets/Images/nautilus4.png
  artifactKey: Guid(0ce4a74cf5af47443bc5962e47e1d28d) Importer(815301076,1909f56bfc062723c751e8b465ee728b)
Start importing Assets/Images/nautilus4.png using Guid(0ce4a74cf5af47443bc5962e47e1d28d) Importer(815301076,1909f56bfc062723c751e8b465ee728b)  -> (artifact id: 'c646ff04f2e85bc94380d054d6dfb006') in 0.011117 seconds
  Import took 0.014810 seconds .

========================================================================
Received Import Request.
  Time since last request: 0.000180 seconds.
  path: Assets/Images/nautilus5.png
  artifactKey: Guid(0857238990b1ec440b34a1157d86cbad) Importer(815301076,1909f56bfc062723c751e8b465ee728b)
Start importing Assets/Images/nautilus5.png using Guid(0857238990b1ec440b34a1157d86cbad) Importer(815301076,1909f56bfc062723c751e8b465ee728b)  -> (artifact id: '203cc13e5cafb2e2fd0a2d8347af416e') in 0.012668 seconds
  Import took 0.015954 seconds .

========================================================================
Received Import Request.
  Time since last request: 0.000180 seconds.
  path: Assets/Images/nautilus6.png
  artifactKey: Guid(b67433fcc1172e64791bfc14ae5882e2) Importer(815301076,1909f56bfc062723c751e8b465ee728b)
Start importing Assets/Images/nautilus6.png using Guid(b67433fcc1172e64791bfc14ae5882e2) Importer(815301076,1909f56bfc062723c751e8b465ee728b)  -> (artifact id: '36366c1bb9355dc3cd11c28d56f64aad') in 0.013116 seconds
  Import took 0.016362 seconds .

========================================================================
Received Import Request.
  Time since last request: 0.000145 seconds.
  path: Assets/Images/nautilus2.png
  artifactKey: Guid(a5172dfbdab602b468fe017cc312b4af) Importer(815301076,1909f56bfc062723c751e8b465ee728b)
Start importing Assets/Images/nautilus2.png using Guid(a5172dfbdab602b468fe017cc312b4af) Importer(815301076,1909f56bfc062723c751e8b465ee728b)  -> (artifact id: '09629edb91f009353feb710f409fe573') in 0.011120 seconds
  Import took 0.014328 seconds .

========================================================================
Received Import Request.
  Time since last request: 0.000174 seconds.
  path: Assets/Images/nautilus7.png
  artifactKey: Guid(6d3a63089f426e54187b994da9daaada) Importer(815301076,1909f56bfc062723c751e8b465ee728b)
Start importing Assets/Images/nautilus7.png using Guid(6d3a63089f426e54187b994da9daaada) Importer(815301076,1909f56bfc062723c751e8b465ee728b)  -> (artifact id: 'c2e53582896e6571b3f8c381fddb409b') in 0.013015 seconds
  Import took 0.016447 seconds .

========================================================================
Received Import Request.
  Time since last request: 31.634898 seconds.
  path: Assets/Images/nautilus 1.png
  artifactKey: Guid(54c4afeef2cf1714cac56f764b80ebc0) Importer(815301076,1909f56bfc062723c751e8b465ee728b)
Start importing Assets/Images/nautilus 1.png using Guid(54c4afeef2cf1714cac56f764b80ebc0) Importer(815301076,1909f56bfc062723c751e8b465ee728b)  -> (artifact id: 'ecdcdea0733fe22e57442b8d485cda48') in 0.012428 seconds
  Import took 0.016296 seconds .

========================================================================
Received Prepare
Registering precompiled user dll's ...
Registered in 0.001099 seconds.
Begin MonoManager ReloadAssembly
Native extension for WindowsStandalone target not found
Native extension for WebGL target not found
Refreshing native plugins compatible for Editor in 0.47 ms, found 0 plugins.
Preloading 0 native plugins for Editor in 0.00 ms.
Invoked RoslynAnalysisRunner static constructor.
RoslynAnalysisRunner will not be running.
RoslynAnalysisRunner has terminated.
Mono: successfully reloaded assembly
- Completed reload, in  0.652 seconds
Platform modules already initialized, skipping
Shader 'Universal Render Pipeline/Particles/Lit': fallback shader 'Universal Render Pipeline/Particles/SimpleLit' not found
Refreshing native plugins compatible for Editor in 0.54 ms, found 0 plugins.
Preloading 0 native plugins for Editor in 0.00 ms.
Unloading 2504 Unused Serialized files (Serialized files now loaded: 0)
System memory in use before: 118.2 MB.
System memory in use after: 118.5 MB.

Unloading 6 unused Assets to reduce memory usage. Loaded Objects now: 3093.
Total: 2.421700 ms (FindLiveObjects: 0.405700 ms CreateObjectMapping: 0.065000 ms MarkObjects: 1.929100 ms  DeleteObjects: 0.020100 ms)

